Change Component Designator: Old Designator=C? New Designator=C43
Change Component Designator: Old Designator=C? New Designator=C44
Change Component Designator: Old Designator=C? New Designator=C45
Change Component Designator: Old Designator=C? New Designator=C46
Change Component Designator: Old Designator=Q? New Designator=Q3
Change Component Designator: Old Designator=Q? New Designator=Q4
Change Component Designator: Old Designator=Q? New Designator=Q5
Change Component Designator: Old Designator=Q? New Designator=Q6
Change Component Designator: Old Designator=Q? New Designator=Q7
Change Component Designator: Old Designator=Q? New Designator=Q8
Change Component Designator: Old Designator=R45 New Designator=R46
Change Component Designator: Old Designator=R46 New Designator=R45
Change Component Designator: Old Designator=R49 New Designator=R50
Change Component Designator: Old Designator=R50 New Designator=R49
Change Component Designator: Old Designator=R53 New Designator=R55
Change Component Designator: Old Designator=R54 New Designator=R56
Change Component Designator: Old Designator=R55 New Designator=R53
Change Component Designator: Old Designator=R56 New Designator=R54
Change Component Designator: Old Designator=R57 New Designator=R60
Change Component Designator: Old Designator=R58 New Designator=R63
Change Component Designator: Old Designator=R59 New Designator=R68
Change Component Designator: Old Designator=R60 New Designator=R71
Change Component Designator: Old Designator=R61 New Designator=R65
Change Component Designator: Old Designator=R62 New Designator=R69
Change Component Designator: Old Designator=R63 New Designator=R70
Change Component Designator: Old Designator=R64 New Designator=R73
Change Component Designator: Old Designator=R65 New Designator=R74
Change Component Designator: Old Designator=R66 New Designator=R72
Change Component Designator: Old Designator=R? New Designator=R57
Change Component Designator: Old Designator=R? New Designator=R58
Change Component Designator: Old Designator=R? New Designator=R59
Change Component Designator: Old Designator=R? New Designator=R61
Change Component Designator: Old Designator=R? New Designator=R62
Change Component Designator: Old Designator=R? New Designator=R64
Change Component Designator: Old Designator=R? New Designator=R66
Change Component Designator: Old Designator=R? New Designator=R67
Change Component Designator: Old Designator=U13 New Designator=U12
Change Component Designator: Old Designator=U14 New Designator=U13
