Added Component: Designator=C20(CAPACITOR 1005 REFLOW)
Add component (AddParameter): Name = "Manufacturer Part Number 1"; Value = ""; VariantName = "[No Variations]"
Add component (AddParameter): Name = "Tolerance"; Value = ""; VariantName = "[No Variations]"
Add component (AddParameter): Name = "Value"; Value = "100n"; VariantName = "[No Variations]"
Add component (AddParameter): Name = "Voltage"; Value = ""; VariantName = "[No Variations]"
Added Component: Designator=J4(AMPHENOL_12402012E212A)
Add component (AddParameter): Name = "Availability"; Value = "In Stock"; VariantName = "[No Variations]"
Add component (AddParameter): Name = "Check_prices"; Value = "https://www.snapeda.com/parts/12402012E212A/Amphenol/view-part/?ref=eda"; VariantName = "[No Variations]"
Add component (AddParameter): Name = "MF"; Value = "Amphenol ICC (Commercial Products)"; VariantName = "[No Variations]"
Add component (AddParameter): Name = "MP"; Value = "12402012E212A"; VariantName = "[No Variations]"
Add component (AddParameter): Name = "Package"; Value = "None"; VariantName = "[No Variations]"
Add component (AddParameter): Name = "Price"; Value = "None"; VariantName = "[No Variations]"
Add component (AddParameter): Name = "Purchase-URL"; Value = "https://pricing.snapeda.com/search/part/12402012E212A/?ref=eda"; VariantName = "[No Variations]"
Add component (AddParameter): Name = "SnapEDA_Link"; Value = "https://www.snapeda.com/parts/12402012E212A/Amphenol/view-part/?ref=snap"; VariantName = "[No Variations]"
Add component (AddParameter): Name = "Value"; Value = ""; VariantName = "[No Variations]"
Added Component: Designator=J5(FTSH-107-01-S-D-K)
Add component (AddParameter): Name = "Manufacturer Part Number 1"; Value = ""; VariantName = "[No Variations]"
Add component (AddParameter): Name = "Value"; Value = "STlink-14pin-1.27mm"; VariantName = "[No Variations]"
Add Component: Footprint Not Found MOLEX_47352-1001
Added Component: Designator=R24(RESISTOR 1005 REFLOW)
Add component (AddParameter): Name = "Manufacturer Part Number 1"; Value = ""; VariantName = "[No Variations]"
Add component (AddParameter): Name = "Power"; Value = ""; VariantName = "[No Variations]"
Add component (AddParameter): Name = "Tolerance"; Value = ""; VariantName = "[No Variations]"
Add component (AddParameter): Name = "Value"; Value = "22k"; VariantName = "[No Variations]"
Add component (AddParameter): Name = "Voltage"; Value = ""; VariantName = "[No Variations]"
Added Component: Designator=R25(RESISTOR 1005 REFLOW)
Add component (AddParameter): Name = "Manufacturer Part Number 1"; Value = ""; VariantName = "[No Variations]"
Add component (AddParameter): Name = "Power"; Value = ""; VariantName = "[No Variations]"
Add component (AddParameter): Name = "Tolerance"; Value = ""; VariantName = "[No Variations]"
Add component (AddParameter): Name = "Value"; Value = "33k"; VariantName = "[No Variations]"
Add component (AddParameter): Name = "Voltage"; Value = ""; VariantName = "[No Variations]"
Added Pin To Net: NetName=GND Pin=C20-2
Added Pin To Net: NetName=GND Pin=J4-A1_B12
Added Pin To Net: NetName=GND Pin=J4-B1_A12
Added Pin To Net: NetName=GND Pin=J4-SH1
Added Pin To Net: NetName=GND Pin=J4-SH2
Added Pin To Net: NetName=GND Pin=J4-SH3
Added Pin To Net: NetName=GND Pin=J4-SH4
Added Pin To Net: NetName=GND Pin=J5-5
Added Pin To Net: NetName=GND Pin=J5-7
Added Pin To Net: NetName=GND Pin=J5-11
Add Pin To Net: Unknown Pin: Pin J6-6
Add Pin To Net: Unknown Pin: Pin J6-S1
Add Pin To Net: Unknown Pin: Pin J6-S2
Add Pin To Net: Unknown Pin: Pin J6-S3
Add Pin To Net: Unknown Pin: Pin J6-S4
Added Pin To Net: NetName=GND Pin=R25-1
Added Pin To Net: NetName=DEBUG_SWCLK_JCLK Pin=J5-6
Added Net: Name=DEBUG_SWCLK_JCLK
Added Pin To Net: NetName=DEBUG_SWDIO_JTMS Pin=J5-4
Added Net: Name=DEBUG_SWDIO_JTMS
Added Pin To Net: NetName=NetJ4_A4_B9 Pin=J4-A4_B9
Added Pin To Net: NetName=NetJ4_A4_B9 Pin=J4-B4_A9
Added Pin To Net: NetName=NetJ4_A4_B9 Pin=R24-1
Added Net: Name=NetJ4_A4_B9
Added Pin To Net: NetName=RESET Pin=J5-12
Added Net: Name=RESET
Added Net: Name=SDMMC1_CLK
Added Net: Name=SDMMC1_CMD
Added Net: Name=SDMMC1_D0
Added Net: Name=SDMMC1_D1
Added Net: Name=SDMMC1_D2
Added Net: Name=SDMMC1_D3
Added Pin To Net: NetName=USART1_RX Pin=J5-13
Added Net: Name=USART1_RX
Added Pin To Net: NetName=USART1_TX Pin=J5-14
Added Net: Name=USART1_TX
Added Pin To Net: NetName=USB_DM Pin=J4-A7
Added Pin To Net: NetName=USB_DM Pin=J4-B7
Added Net: Name=USB_DM
Added Pin To Net: NetName=USB_DP Pin=J4-A6
Added Pin To Net: NetName=USB_DP Pin=J4-B6
Added Net: Name=USB_DP
Added Pin To Net: NetName=USB_VBUS Pin=R24-2
Added Pin To Net: NetName=USB_VBUS Pin=R25-2
Added Net: Name=USB_VBUS
Added Pin To Net: NetName=VDD Pin=C20-1
Added Pin To Net: NetName=VDD Pin=J5-3
Added Net: Name=VDD
Added Class: Name=PROC
Added Room: Name=FAST
