Added Component: Designator=C27(CAPACITOR 1005 REFLOW)
Add component (AddParameter): Name = "Manufacturer Part Number 1"; Value = ""; VariantName = "[No Variations]"
Add component (AddParameter): Name = "Tolerance"; Value = ""; VariantName = "[No Variations]"
Add component (AddParameter): Name = "Value"; Value = "4.7u"; VariantName = "[No Variations]"
Add component (AddParameter): Name = "Voltage"; Value = ""; VariantName = "[No Variations]"
Added Component: Designator=C28(CAPACITOR 1005 REFLOW)
Add component (AddParameter): Name = "Manufacturer Part Number 1"; Value = ""; VariantName = "[No Variations]"
Add component (AddParameter): Name = "Tolerance"; Value = ""; VariantName = "[No Variations]"
Add component (AddParameter): Name = "Value"; Value = "33n"; VariantName = "[No Variations]"
Add component (AddParameter): Name = "Voltage"; Value = ""; VariantName = "[No Variations]"
Added Component: Designator=C33(CAPACITOR 1005 REFLOW)
Add component (AddParameter): Name = "Manufacturer Part Number 1"; Value = ""; VariantName = "[No Variations]"
Add component (AddParameter): Name = "Tolerance"; Value = ""; VariantName = "[No Variations]"
Add component (AddParameter): Name = "Value"; Value = "1u"; VariantName = "[No Variations]"
Add component (AddParameter): Name = "Voltage"; Value = ""; VariantName = "[No Variations]"
Added Component: Designator=C36(CAPACITOR 1005 REFLOW)
Add component (AddParameter): Name = "Manufacturer Part Number 1"; Value = ""; VariantName = "[No Variations]"
Add component (AddParameter): Name = "Tolerance"; Value = ""; VariantName = "[No Variations]"
Add component (AddParameter): Name = "Value"; Value = "1u"; VariantName = "[No Variations]"
Add component (AddParameter): Name = "Voltage"; Value = ""; VariantName = "[No Variations]"
Added Component: Designator=D1(DIODE SOD323 REFLOW)
Add component (AddParameter): Name = "Manufacturer Part Number 1"; Value = ""; VariantName = "[No Variations]"
Add component (AddParameter): Name = "Value"; Value = ""; VariantName = "[No Variations]"
Added Component: Designator=D2(DIODE SOD323 REFLOW)
Add component (AddParameter): Name = "Manufacturer Part Number 1"; Value = ""; VariantName = "[No Variations]"
Add component (AddParameter): Name = "Value"; Value = ""; VariantName = "[No Variations]"
Added Component: Designator=Q1(SOT23 P0.95 C1.6x3.0 H1.3)
Add component (AddParameter): Name = "Manufacturer Part Number 1"; Value = ""; VariantName = "[No Variations]"
Add component (AddParameter): Name = "Value"; Value = ""; VariantName = "[No Variations]"
Added Component: Designator=R27(RESISTOR 1005 REFLOW)
Add component (AddParameter): Name = "Manufacturer Part Number 1"; Value = ""; VariantName = "[No Variations]"
Add component (AddParameter): Name = "Power"; Value = ""; VariantName = "[No Variations]"
Add component (AddParameter): Name = "Tolerance"; Value = ""; VariantName = "[No Variations]"
Add component (AddParameter): Name = "Value"; Value = "10k"; VariantName = "[No Variations]"
Add component (AddParameter): Name = "Voltage"; Value = ""; VariantName = "[No Variations]"
Added Component: Designator=R32(RESISTOR 1005 REFLOW)
Add component (AddParameter): Name = "Manufacturer Part Number 1"; Value = ""; VariantName = "[No Variations]"
Add component (AddParameter): Name = "Power"; Value = ""; VariantName = "[No Variations]"
Add component (AddParameter): Name = "Tolerance"; Value = ""; VariantName = "[No Variations]"
Add component (AddParameter): Name = "Value"; Value = "100"; VariantName = "[No Variations]"
Add component (AddParameter): Name = "Voltage"; Value = ""; VariantName = "[No Variations]"
Added Component: Designator=R33(RESISTOR 1005 REFLOW)
Add component (AddParameter): Name = "Manufacturer Part Number 1"; Value = ""; VariantName = "[No Variations]"
Add component (AddParameter): Name = "Power"; Value = ""; VariantName = "[No Variations]"
Add component (AddParameter): Name = "Tolerance"; Value = ""; VariantName = "[No Variations]"
Add component (AddParameter): Name = "Value"; Value = "10k"; VariantName = "[No Variations]"
Add component (AddParameter): Name = "Voltage"; Value = ""; VariantName = "[No Variations]"
Added Component: Designator=R35(RESISTOR 1005 REFLOW)
Add component (AddParameter): Name = "Manufacturer Part Number 1"; Value = ""; VariantName = "[No Variations]"
Add component (AddParameter): Name = "Power"; Value = ""; VariantName = "[No Variations]"
Add component (AddParameter): Name = "Tolerance"; Value = ""; VariantName = "[No Variations]"
Add component (AddParameter): Name = "Value"; Value = "1k"; VariantName = "[No Variations]"
Add component (AddParameter): Name = "Voltage"; Value = ""; VariantName = "[No Variations]"
Added Component: Designator=U15(SO8 P1.27 C4.0X5.0 H1.75)
Add component (AddParameter): Name = "Manufacturer Part Number 1"; Value = ""; VariantName = "[No Variations]"
Add component (AddParameter): Name = "Value"; Value = ""; VariantName = "[No Variations]"
Added Pin To Net: NetName=GND Pin=C27-2
Added Pin To Net: NetName=GND Pin=C28-2
Added Pin To Net: NetName=VCC Pin=C33-1
Added Pin To Net: NetName=GND Pin=C33-2
Added Pin To Net: NetName=GND Pin=C36-1
Added Pin To Net: NetName=VEE Pin=C36-2
Added Pin To Net: NetName=GND Pin=Q1-1
Added Pin To Net: NetName=Imeas Pin=R33-2
Add Pin To Net: Unknown Pin: Pin U6-9
Added Pin To Net: NetName=VEE Pin=U15-4
Added Pin To Net: NetName=VCC Pin=U15-8
Added Pin To Net: NetName=CH4 Pin=R27-1
Added Pin To Net: NetName=CH4 Pin=U15-6
Added Pin To Net: NetName=CH4 Pin=U15-7
Added Net: Name=CH4
Added Pin To Net: NetName=GATEn Pin=R35-2
Added Net: Name=GATEn
Added Pin To Net: NetName=NetC27_1 Pin=C27-1
Added Pin To Net: NetName=NetC27_1 Pin=D2-1
Added Pin To Net: NetName=NetC27_1 Pin=U15-5
Added Pin To Net: NetName=NetC27_1 Pin=Q1-2
Added Net: Name=NetC27_1
Added Pin To Net: NetName=NetC28_1 Pin=C28-1
Added Pin To Net: NetName=NetC28_1 Pin=R33-1
Added Pin To Net: NetName=NetC28_1 Pin=U15-3
Added Net: Name=NetC28_1
Added Pin To Net: NetName=NetD1_1 Pin=D1-1
Added Pin To Net: NetName=NetD1_1 Pin=R32-2
Added Pin To Net: NetName=NetD1_1 Pin=U15-1
Added Net: Name=NetD1_1
Added Pin To Net: NetName=NetD1_2 Pin=D1-2
Added Pin To Net: NetName=NetD1_2 Pin=R27-2
Added Pin To Net: NetName=NetD1_2 Pin=U15-2
Added Net: Name=NetD1_2
Added Pin To Net: NetName=NetD2_2 Pin=D2-2
Added Pin To Net: NetName=NetD2_2 Pin=R32-1
Added Net: Name=NetD2_2
Added Pin To Net: NetName=NetQ1_1 Pin=R35-1
Added Pin To Net: NetName=NetQ1_1 Pin=Q1-3
Added Net: Name=NetQ1_1
Added Member To Class: ClassName=SLOW Member=Component C27 4.7u
Added Member To Class: ClassName=SLOW Member=Component C28 33n
Added Member To Class: ClassName=SLOW Member=Component C33 1u
Added Member To Class: ClassName=SLOW Member=Component C36 1u
Added Member To Class: ClassName=SLOW Member=Component D1 *
Added Member To Class: ClassName=SLOW Member=Component D2 *
Added Member To Class: ClassName=SLOW Member=Component Q1 *
Added Member To Class: ClassName=SLOW Member=Component R27 10k
Added Member To Class: ClassName=SLOW Member=Component R32 100
Added Member To Class: ClassName=SLOW Member=Component R33 10k
Added Member To Class: ClassName=SLOW Member=Component R35 1k
Added Member To Class: ClassName=SLOW Member=Component U15 *
Added Room: Name=FAST
