Added Component: Designator=C26(CAPACITOR 1005 REFLOW)
Add component (AddParameter): Name = "Manufacturer Part Number 1"; Value = ""; VariantName = "[No Variations]"
Add component (AddParameter): Name = "Tolerance"; Value = ""; VariantName = "[No Variations]"
Add component (AddParameter): Name = "Value"; Value = "4.7u"; VariantName = "[No Variations]"
Add component (AddParameter): Name = "Voltage"; Value = ""; VariantName = "[No Variations]"
Added Component: Designator=C27(CAPACITOR 1005 REFLOW)
Add component (AddParameter): Name = "Manufacturer Part Number 1"; Value = ""; VariantName = "[No Variations]"
Add component (AddParameter): Name = "Tolerance"; Value = ""; VariantName = "[No Variations]"
Add component (AddParameter): Name = "Value"; Value = "33n"; VariantName = "[No Variations]"
Add component (AddParameter): Name = "Voltage"; Value = ""; VariantName = "[No Variations]"
Added Component: Designator=C32(CAPACITOR 1005 REFLOW)
Add component (AddParameter): Name = "Manufacturer Part Number 1"; Value = ""; VariantName = "[No Variations]"
Add component (AddParameter): Name = "Tolerance"; Value = ""; VariantName = "[No Variations]"
Add component (AddParameter): Name = "Value"; Value = "1u"; VariantName = "[No Variations]"
Add component (AddParameter): Name = "Voltage"; Value = ""; VariantName = "[No Variations]"
Added Component: Designator=C37(CAPACITOR 1005 REFLOW)
Add component (AddParameter): Name = "Manufacturer Part Number 1"; Value = ""; VariantName = "[No Variations]"
Add component (AddParameter): Name = "Tolerance"; Value = ""; VariantName = "[No Variations]"
Add component (AddParameter): Name = "Value"; Value = "1u"; VariantName = "[No Variations]"
Add component (AddParameter): Name = "Voltage"; Value = ""; VariantName = "[No Variations]"
Added Component: Designator=D3(DIODE SOD323 REFLOW)
Add component (AddParameter): Name = "Manufacturer Part Number 1"; Value = ""; VariantName = "[No Variations]"
Add component (AddParameter): Name = "Value"; Value = ""; VariantName = "[No Variations]"
Added Component: Designator=D4(DIODE SOD323 REFLOW)
Add component (AddParameter): Name = "Manufacturer Part Number 1"; Value = ""; VariantName = "[No Variations]"
Add component (AddParameter): Name = "Value"; Value = ""; VariantName = "[No Variations]"
Added Component: Designator=Q2(SOT23 P0.95 C1.6x3.0 H1.3)
Add component (AddParameter): Name = "Manufacturer Part Number 1"; Value = ""; VariantName = "[No Variations]"
Add component (AddParameter): Name = "Value"; Value = ""; VariantName = "[No Variations]"
Added Component: Designator=R40(RESISTOR 1005 REFLOW)
Add component (AddParameter): Name = "Manufacturer Part Number 1"; Value = ""; VariantName = "[No Variations]"
Add component (AddParameter): Name = "Power"; Value = ""; VariantName = "[No Variations]"
Add component (AddParameter): Name = "Tolerance"; Value = ""; VariantName = "[No Variations]"
Add component (AddParameter): Name = "Value"; Value = "10k"; VariantName = "[No Variations]"
Add component (AddParameter): Name = "Voltage"; Value = ""; VariantName = "[No Variations]"
Added Component: Designator=R41(RESISTOR 1005 REFLOW)
Add component (AddParameter): Name = "Manufacturer Part Number 1"; Value = ""; VariantName = "[No Variations]"
Add component (AddParameter): Name = "Power"; Value = ""; VariantName = "[No Variations]"
Add component (AddParameter): Name = "Tolerance"; Value = ""; VariantName = "[No Variations]"
Add component (AddParameter): Name = "Value"; Value = "1k"; VariantName = "[No Variations]"
Add component (AddParameter): Name = "Voltage"; Value = ""; VariantName = "[No Variations]"
Added Component: Designator=R42(RESISTOR 1005 REFLOW)
Add component (AddParameter): Name = "Manufacturer Part Number 1"; Value = ""; VariantName = "[No Variations]"
Add component (AddParameter): Name = "Power"; Value = ""; VariantName = "[No Variations]"
Add component (AddParameter): Name = "Tolerance"; Value = ""; VariantName = "[No Variations]"
Add component (AddParameter): Name = "Value"; Value = "100"; VariantName = "[No Variations]"
Add component (AddParameter): Name = "Voltage"; Value = ""; VariantName = "[No Variations]"
Added Component: Designator=R43(RESISTOR 1005 REFLOW)
Add component (AddParameter): Name = "Manufacturer Part Number 1"; Value = ""; VariantName = "[No Variations]"
Add component (AddParameter): Name = "Power"; Value = ""; VariantName = "[No Variations]"
Add component (AddParameter): Name = "Tolerance"; Value = ""; VariantName = "[No Variations]"
Add component (AddParameter): Name = "Value"; Value = "10k"; VariantName = "[No Variations]"
Add component (AddParameter): Name = "Voltage"; Value = ""; VariantName = "[No Variations]"
Added Component: Designator=U13(SO8 P1.27 C4.0X5.0 H1.75)
Add component (AddParameter): Name = "Manufacturer Part Number 1"; Value = ""; VariantName = "[No Variations]"
Add component (AddParameter): Name = "Value"; Value = ""; VariantName = "[No Variations]"
Added Pin To Net: NetName=GND Pin=C26-2
Added Pin To Net: NetName=GND Pin=C27-2
Added Pin To Net: NetName=VCC Pin=C32-1
Added Pin To Net: NetName=GND Pin=C32-2
Added Pin To Net: NetName=GND Pin=C37-1
Added Pin To Net: NetName=VEE Pin=C37-2
Added Pin To Net: NetName=VCC Pin=Q2-2
Added Pin To Net: NetName=Imeas Pin=R43-2
Added Pin To Net: NetName=VEE Pin=U13-4
Added Pin To Net: NetName=VCC Pin=U13-8
Added Pin To Net: NetName=CH6 Pin=R40-1
Added Pin To Net: NetName=CH6 Pin=U13-6
Added Pin To Net: NetName=CH6 Pin=U13-7
Added Net: Name=CH6
Added Pin To Net: NetName=GATEp Pin=R41-1
Added Net: Name=GATEp
Added Pin To Net: NetName=NetC26_1 Pin=C26-1
Added Pin To Net: NetName=NetC26_1 Pin=D4-2
Added Pin To Net: NetName=NetC26_1 Pin=Q2-3
Added Pin To Net: NetName=NetC26_1 Pin=U13-5
Added Net: Name=NetC26_1
Added Pin To Net: NetName=NetC27_1 Pin=C27-1
Added Pin To Net: NetName=NetC27_1 Pin=R43-1
Added Pin To Net: NetName=NetC27_1 Pin=U13-3
Added Net: Name=NetC27_1
Added Pin To Net: NetName=NetD3_1 Pin=D3-1
Added Pin To Net: NetName=NetD3_1 Pin=R40-2
Added Pin To Net: NetName=NetD3_1 Pin=U13-2
Added Net: Name=NetD3_1
Added Pin To Net: NetName=NetD3_2 Pin=D3-2
Added Pin To Net: NetName=NetD3_2 Pin=R42-2
Added Pin To Net: NetName=NetD3_2 Pin=U13-1
Added Net: Name=NetD3_2
Added Pin To Net: NetName=NetD4_1 Pin=D4-1
Added Pin To Net: NetName=NetD4_1 Pin=R42-1
Added Net: Name=NetD4_1
Added Pin To Net: NetName=NetQ2_1 Pin=Q2-1
Added Pin To Net: NetName=NetQ2_1 Pin=R41-2
Added Net: Name=NetQ2_1
Added Member To Class: ClassName=SLOW Member=Component C26 4.7u
Added Member To Class: ClassName=SLOW Member=Component C27 33n
Added Member To Class: ClassName=SLOW Member=Component C32 1u
Added Member To Class: ClassName=SLOW Member=Component C37 1u
Added Member To Class: ClassName=SLOW Member=Component D3 *
Added Member To Class: ClassName=SLOW Member=Component D4 *
Added Member To Class: ClassName=SLOW Member=Component Q2 *
Added Member To Class: ClassName=SLOW Member=Component R40 10k
Added Member To Class: ClassName=SLOW Member=Component R41 1k
Added Member To Class: ClassName=SLOW Member=Component R42 100
Added Member To Class: ClassName=SLOW Member=Component R43 10k
Added Member To Class: ClassName=SLOW Member=Component U13 *
