Removed Pin From Net: NetName=VCC Pin=C1-1
Removed Pin From Net: NetName=GND Pin=C1-2
Removed Pin From Net: NetName=GND Pin=C2-1
Removed Pin From Net: NetName=VEE Pin=C2-2
Removed Pin From Net: NetName=VCC Pin=C3-1
Removed Pin From Net: NetName=GND Pin=C3-2
Removed Pin From Net: NetName=GND Pin=C4-1
Removed Pin From Net: NetName=VEE Pin=C4-2
Removed Pin From Net: NetName=VCC Pin=C5-1
Removed Pin From Net: NetName=GND Pin=C5-2
Removed Pin From Net: NetName=GND Pin=C6-1
Removed Pin From Net: NetName=VEE Pin=C6-2
Removed Pin From Net: NetName=GND Pin=C7-2
Removed Pin From Net: NetName=GND Pin=C8-2
Removed Pin From Net: NetName=GND Pin=C9-2
Removed Pin From Net: NetName=GND Pin=C10-1
Removed Pin From Net: NetName=GND Pin=C11-1
Removed Pin From Net: NetName=GND Pin=C12-1
Removed Pin From Net: NetName=GND Pin=C13-2
Removed Pin From Net: NetName=GND Pin=C14-2
Removed Pin From Net: NetName=GND Pin=C15-2
Removed Pin From Net: NetName=GND Pin=C16-2
Removed Pin From Net: NetName=GND Pin=C17-2
Removed Pin From Net: NetName=GND Pin=C18-2
Removed Pin From Net: NetName=GND Pin=C19-2
Removed Pin From Net: NetName=GND Pin=C20-2
Removed Pin From Net: NetName=GND Pin=C21-2
Removed Pin From Net: NetName=GND Pin=C22-2
Removed Pin From Net: NetName=GND Pin=C23-2
Removed Pin From Net: NetName=GND Pin=C24-2
Removed Pin From Net: NetName=GND Pin=C25-2
Removed Pin From Net: NetName=VCC Pin=C26-1
Removed Pin From Net: NetName=GND Pin=C26-2
Removed Pin From Net: NetName=GND Pin=C27-1
Removed Pin From Net: NetName=VEE Pin=C27-2
Removed Pin From Net: NetName=GND Pin=C28-2
Removed Pin From Net: NetName=VCC Pin=C29-1
Removed Pin From Net: NetName=GND Pin=C29-2
Removed Pin From Net: NetName=GND Pin=C30-2
Removed Pin From Net: NetName=GND Pin=C31-1
Removed Pin From Net: NetName=VEE Pin=C31-2
Removed Pin From Net: NetName=VCC Pin=C32-1
Removed Pin From Net: NetName=GND Pin=C32-2
Removed Pin From Net: NetName=GND Pin=C33-1
Removed Pin From Net: NetName=VEE Pin=C33-2
Removed Pin From Net: NetName=GND Pin=C34-2
Removed Pin From Net: NetName=VCC Pin=C35-1
Removed Pin From Net: NetName=GND Pin=C35-2
Removed Pin From Net: NetName=GND Pin=C36-1
Removed Pin From Net: NetName=VEE Pin=C36-2
Removed Pin From Net: NetName=VCC Pin=C37-1
Removed Pin From Net: NetName=GND Pin=C37-2
Removed Pin From Net: NetName=GND Pin=C38-1
Removed Pin From Net: NetName=VEE Pin=C38-2
Removed Pin From Net: NetName=GND Pin=J1-1
Removed Pin From Net: NetName=Vbat Pin=J1-2
Removed Pin From Net: NetName=Vbat Pin=J2-2
Removed Pin From Net: NetName=GND Pin=J3-2
Removed Pin From Net: NetName=GND Pin=J4-A1_B12
Removed Pin From Net: NetName=GND Pin=J4-B1_A12
Removed Pin From Net: NetName=GND Pin=J4-SH1
Removed Pin From Net: NetName=GND Pin=J4-SH2
Removed Pin From Net: NetName=GND Pin=J4-SH3
Removed Pin From Net: NetName=GND Pin=J4-SH4
Removed Pin From Net: NetName=GND Pin=J5-5
Removed Pin From Net: NetName=GND Pin=J5-7
Removed Pin From Net: NetName=GND Pin=J5-11
Removed Pin From Net: NetName=GND Pin=NMOS1-3
Removed Pin From Net: NetName=GND Pin=PMOS1-3
Removed Pin From Net: NetName=Vbat Pin=R3-1
Removed Pin From Net: NetName=Vbat Pin=R5-1
Removed Pin From Net: NetName=GND Pin=R6-1
Removed Pin From Net: NetName=GND Pin=R8-1
Removed Pin From Net: NetName=GND Pin=R10-1
Removed Pin From Net: NetName=GND Pin=R17-2
Removed Pin From Net: NetName=GND Pin=R18-1
Removed Pin From Net: NetName=GND Pin=R20-2
Removed Pin From Net: NetName=GND Pin=R23-2
Removed Pin From Net: NetName=GND Pin=R25-1
Removed Pin From Net: NetName=NetR28_2 Pin=R31-1
Removed Pin From Net: NetName=Vbat Pin=R34-1
Removed Pin From Net: NetName=GND Pin=R35-1
Removed Pin From Net: NetName=GND Pin=R38-1
Removed Pin From Net: NetName=VEE Pin=U1-4
Removed Pin From Net: NetName=VCC Pin=U1-8
Removed Pin From Net: NetName=VEE Pin=U2-4
Removed Pin From Net: NetName=VCC Pin=U2-8
Removed Pin From Net: NetName=VEE Pin=U4-4
Removed Pin From Net: NetName=VCC Pin=U4-8
Removed Pin From Net: NetName=VEE Pin=U6-4
Removed Pin From Net: NetName=VCC Pin=U6-8
Removed Pin From Net: NetName=GND Pin=U7-3
Removed Pin From Net: NetName=VEE Pin=U7-4
Removed Pin From Net: NetName=VCC Pin=U7-8
Removed Pin From Net: NetName=VEE Pin=U8-4
Removed Pin From Net: NetName=VCC Pin=U8-8
Removed Pin From Net: NetName=VEE Pin=U9-4
Removed Pin From Net: NetName=VCC Pin=U9-8
Removed Pin From Net: NetName=Vbat Pin=U15-3
Removed Pin From Net: NetName=GND Pin=X2-2
Removed Pin From Net: NetName=GND Pin=X2-4
Removed Member From Class: ClassName=SLOW Member=C23
Removed Member From Class: ClassName=SLOW Member=C24
Removed Member From Class: ClassName=SLOW Member=C25
Removed Member From Class: ClassName=SLOW Member=C26
Removed Member From Class: ClassName=SLOW Member=C27
Removed Member From Class: ClassName=SLOW Member=C28
Removed Member From Class: ClassName=SLOW Member=C29
Removed Member From Class: ClassName=SLOW Member=C30
Removed Member From Class: ClassName=SLOW Member=C31
Removed Member From Class: ClassName=SLOW Member=C32
Removed Member From Class: ClassName=SLOW Member=C33
Removed Member From Class: ClassName=SLOW Member=C34
Removed Member From Class: ClassName=SLOW Member=C35
Removed Member From Class: ClassName=SLOW Member=C36
Removed Member From Class: ClassName=SLOW Member=C37
Removed Member From Class: ClassName=SLOW Member=C38
Removed Member From Class: ClassName=SLOW Member=D1
Removed Member From Class: ClassName=SLOW Member=D2
Removed Member From Class: ClassName=SLOW Member=D3
Removed Member From Class: ClassName=SLOW Member=D4
Removed Member From Class: ClassName=SLOW Member=NMOS1
Removed Member From Class: ClassName=SLOW Member=PMOS1
Removed Member From Class: ClassName=SLOW Member=R27
Removed Member From Class: ClassName=SLOW Member=R29
Removed Member From Class: ClassName=SLOW Member=R31
Removed Member From Class: ClassName=SLOW Member=R32
Removed Member From Class: ClassName=SLOW Member=R33
Removed Member From Class: ClassName=SLOW Member=R34
Removed Member From Class: ClassName=SLOW Member=R35
Removed Member From Class: ClassName=SLOW Member=R36
Removed Member From Class: ClassName=SLOW Member=R37
Removed Member From Class: ClassName=SLOW Member=R38
Removed Member From Class: ClassName=SLOW Member=R39
Removed Member From Class: ClassName=SLOW Member=R40
Removed Member From Class: ClassName=SLOW Member=R41
Removed Member From Class: ClassName=SLOW Member=R42
Removed Member From Class: ClassName=SLOW Member=U11
Removed Member From Class: ClassName=SLOW Member=U12
Removed Member From Class: ClassName=SLOW Member=U13
Removed Member From Class: ClassName=SLOW Member=U14
Removed Member From Class: ClassName=SLOW Member=U15
Removed Member From Class: ClassName=SLOW Member=U16
Removed Member From Class: ClassName=SLOW Member=U17
Added Component: Designator=C39(CAPACITOR 1005 REFLOW)
Add component (AddParameter): Name = "Manufacturer Part Number 1"; Value = ""; VariantName = "[No Variations]"
Add component (AddParameter): Name = "Tolerance"; Value = ""; VariantName = "[No Variations]"
Add component (AddParameter): Name = "Value"; Value = "1u"; VariantName = "[No Variations]"
Add component (AddParameter): Name = "Voltage"; Value = ""; VariantName = "[No Variations]"
Added Component: Designator=C40(CAPACITOR 1005 REFLOW)
Add component (AddParameter): Name = "Manufacturer Part Number 1"; Value = ""; VariantName = "[No Variations]"
Add component (AddParameter): Name = "Tolerance"; Value = ""; VariantName = "[No Variations]"
Add component (AddParameter): Name = "Value"; Value = "1u"; VariantName = "[No Variations]"
Add component (AddParameter): Name = "Voltage"; Value = ""; VariantName = "[No Variations]"
Added Pin To Net: NetName=VCC Pin=C39-1
Added Pin To Net: NetName=GND Pin=C39-2
Added Pin To Net: NetName=GND Pin=C40-1
Added Pin To Net: NetName=VEE Pin=C40-2
Added Member To Class: ClassName=SLOW Member=Component C39 1u
Added Member To Class: ClassName=SLOW Member=Component C40 1u
Added Member To Class: ClassName=SLOW Member=Component U3 *
