Removed Pin From Net: NetName=VCC Pin=C2-1
Removed Pin From Net: NetName=GND Pin=C2-2
Removed Pin From Net: NetName=GND Pin=C4-1
Removed Pin From Net: NetName=VEE Pin=C4-2
Removed Pin From Net: NetName=VCC Pin=C5-1
Removed Pin From Net: NetName=GND Pin=C5-2
Removed Pin From Net: NetName=VCC Pin=C6-1
Removed Pin From Net: NetName=GND Pin=C6-2
Removed Pin From Net: NetName=VCC Pin=C7-1
Removed Pin From Net: NetName=GND Pin=C7-2
Removed Pin From Net: NetName=GND Pin=C8-1
Removed Pin From Net: NetName=VEE Pin=C8-2
Removed Pin From Net: NetName=GND Pin=C9-1
Removed Pin From Net: NetName=VEE Pin=C9-2
Removed Pin From Net: NetName=GND Pin=C10-1
Removed Pin From Net: NetName=VEE Pin=C10-2
Removed Pin From Net: NetName=In_LDO Pin=C11-1
Removed Pin From Net: NetName=GND Pin=C11-2
Removed Pin From Net: NetName=GND Pin=C12-2
Removed Pin From Net: NetName=GND Pin=C13-2
Removed Pin From Net: NetName=GND Pin=C14-1
Removed Pin From Net: NetName=GND Pin=C15-1
Removed Pin From Net: NetName=GND Pin=C16-1
Removed Pin From Net: NetName=GND Pin=C17-2
Removed Pin From Net: NetName=GND Pin=C18-2
Removed Pin From Net: NetName=GND Pin=C19-2
Removed Pin From Net: NetName=GND Pin=C20-2
Removed Pin From Net: NetName=GND Pin=C21-2
Removed Pin From Net: NetName=GND Pin=C22-2
Removed Pin From Net: NetName=GND Pin=C23-2
Removed Pin From Net: NetName=GND Pin=C24-2
Removed Pin From Net: NetName=GND Pin=C25-2
Removed Pin From Net: NetName=GND Pin=C26-2
Removed Pin From Net: NetName=GND Pin=C27-2
Removed Pin From Net: NetName=GND Pin=C28-2
Removed Pin From Net: NetName=GND Pin=C29-2
Removed Pin From Net: NetName=GND Pin=C30-2
Removed Pin From Net: NetName=GND Pin=C31-2
Removed Pin From Net: NetName=VCC Pin=C32-1
Removed Pin From Net: NetName=GND Pin=C32-2
Removed Pin From Net: NetName=VCC Pin=C33-1
Removed Pin From Net: NetName=GND Pin=C33-2
Removed Pin From Net: NetName=GND Pin=C34-2
Removed Pin From Net: NetName=GND Pin=C35-1
Removed Pin From Net: NetName=VEE Pin=C35-2
Removed Pin From Net: NetName=GND Pin=C36-1
Removed Pin From Net: NetName=VEE Pin=C36-2
Removed Pin From Net: NetName=VCC Pin=C37-1
Removed Pin From Net: NetName=GND Pin=C37-2
Removed Pin From Net: NetName=VCC Pin=C38-1
Removed Pin From Net: NetName=GND Pin=C38-2
Removed Pin From Net: NetName=VCC Pin=C39-1
Removed Pin From Net: NetName=GND Pin=C39-2
Removed Pin From Net: NetName=GND Pin=C40-1
Removed Pin From Net: NetName=VEE Pin=C40-2
Removed Pin From Net: NetName=GND Pin=C41-1
Removed Pin From Net: NetName=VEE Pin=C41-2
Removed Pin From Net: NetName=GND Pin=C42-1
Removed Pin From Net: NetName=VEE Pin=C42-2
Removed Pin From Net: NetName=GND Pin=J3-2
Removed Pin From Net: NetName=GND Pin=J4-A1_B12
Removed Pin From Net: NetName=GND Pin=J4-B1_A12
Removed Pin From Net: NetName=GND Pin=J4-SH1
Removed Pin From Net: NetName=GND Pin=J4-SH2
Removed Pin From Net: NetName=GND Pin=J4-SH3
Removed Pin From Net: NetName=GND Pin=J4-SH4
Removed Pin From Net: NetName=GND Pin=J5-5
Removed Pin From Net: NetName=GND Pin=J5-7
Removed Pin From Net: NetName=GND Pin=J5-11
Removed Pin From Net: NetName=GND Pin=J6-6
Removed Pin From Net: NetName=Vbat Pin=J7-2
Removed Pin From Net: NetName=GND Pin=J8-1
Removed Pin From Net: NetName=GND Pin=Q1-1
Removed Pin From Net: NetName=VCC Pin=Q2-2
Removed Pin From Net: NetName=GND Pin=R8-1
Removed Pin From Net: NetName=GND Pin=R10-1
Removed Pin From Net: NetName=GND Pin=R17-2
Removed Pin From Net: NetName=GND Pin=R18-1
Removed Pin From Net: NetName=GND Pin=R20-2
Removed Pin From Net: NetName=GND Pin=R23-2
Removed Pin From Net: NetName=GND Pin=R25-1
Removed Pin From Net: NetName=Imeas Pin=R29-2
Removed Pin From Net: NetName=Vbat Pin=R30-1
Removed Pin From Net: NetName=Imeas Pin=R33-2
Removed Pin From Net: NetName=Vbat Pin=R34-1
Removed Pin From Net: NetName=GND Pin=R36-1
Removed Pin From Net: NetName=Imeas Pin=R37-2
Removed Pin From Net: NetName=GND Pin=R39-1
Removed Pin From Net: NetName=Imeas Pin=R43-2
Removed Pin From Net: NetName=Imeas Pin=U1-3
Removed Pin From Net: NetName=NetR1_2 Pin=U2-1
Removed Pin From Net: NetName=NetR1_1 Pin=U2-2
Removed Pin From Net: NetName=In_LDO Pin=U2-3
Removed Pin From Net: NetName=VEE Pin=U2-4
Removed Pin From Net: NetName=VCC Pin=U2-8
Removed Pin From Net: NetName=Imeas Pin=U3-3
Removed Pin From Net: NetName=VEE Pin=U3-4
Removed Pin From Net: NetName=VCC Pin=U3-8
Removed Pin From Net: NetName=GND Pin=U4-3
Removed Pin From Net: NetName=VEE Pin=U4-4
Removed Pin From Net: NetName=VCC Pin=U4-8
Removed Pin From Net: NetName=VEE Pin=U5-4
Removed Pin From Net: NetName=VCC Pin=U5-8
Removed Pin From Net: NetName=In_LDO Pin=U6-5
Removed Pin From Net: NetName=In_LDO Pin=U6-7
Removed Pin From Net: NetName=In_LDO Pin=U6-8
Removed Pin From Net: NetName=GND Pin=U7-12
Removed Pin From Net: NetName=GND Pin=U7-18
Removed Pin From Net: NetName=GND Pin=U7-31
Removed Pin From Net: NetName=GND Pin=U7-47
Removed Pin From Net: NetName=GND Pin=U7-63
Removed Pin From Net: NetName=VEE Pin=U8-4
Removed Pin From Net: NetName=VCC Pin=U8-8
Removed Pin From Net: NetName=Imeas Pin=U9-1
Removed Pin From Net: NetName=VEE Pin=U9-4
Removed Pin From Net: NetName=VCC Pin=U9-8
Removed Pin From Net: NetName=VEE Pin=U10-4
Removed Pin From Net: NetName=VCC Pin=U10-8
Removed Pin From Net: NetName=Vbat Pin=U11-3
Removed Pin From Net: NetName=VEE Pin=U11-4
Removed Pin From Net: NetName=VCC Pin=U11-8
Removed Pin From Net: NetName=VEE Pin=U12-4
Removed Pin From Net: NetName=VCC Pin=U12-8
Removed Pin From Net: NetName=GND Pin=X2-2
Removed Pin From Net: NetName=GND Pin=X2-4
Removed Member From Class: ClassName=FAST Member=C5
Removed Member From Class: ClassName=FAST Member=C6
Removed Member From Class: ClassName=FAST Member=C7
Removed Member From Class: ClassName=FAST Member=C8
Removed Member From Class: ClassName=FAST Member=C10
Removed Member From Class: ClassName=FAST Member=C12
Removed Member From Class: ClassName=FAST Member=C13
Removed Member From Class: ClassName=FAST Member=C19
Removed Member From Class: ClassName=FAST Member=J3
Removed Member From Class: ClassName=FAST Member=R7
Removed Member From Class: ClassName=FAST Member=R8
Removed Member From Class: ClassName=FAST Member=R9
Removed Member From Class: ClassName=FAST Member=R10
Removed Member From Class: ClassName=FAST Member=R11
Removed Member From Class: ClassName=FAST Member=R12
Removed Member From Class: ClassName=FAST Member=R13
Removed Member From Class: ClassName=FAST Member=R14
Removed Member From Class: ClassName=FAST Member=R15
Removed Member From Class: ClassName=FAST Member=R16
Removed Member From Class: ClassName=FAST Member=R17
Removed Member From Class: ClassName=FAST Member=R18
Removed Member From Class: ClassName=FAST Member=R19
Removed Member From Class: ClassName=FAST Member=R20
Removed Member From Class: ClassName=FAST Member=R21
Removed Member From Class: ClassName=FAST Member=R22
Removed Member From Class: ClassName=FAST Member=R23
Removed Member From Class: ClassName=FAST Member=U2
Removed Member From Class: ClassName=FAST Member=U3
Removed Member From Class: ClassName=FAST Member=U6
Added Component: Designator=R45(RESISTOR 1005 REFLOW)
Add component (AddParameter): Name = "Manufacturer Part Number 1"; Value = ""; VariantName = "[No Variations]"
Add component (AddParameter): Name = "Power"; Value = ""; VariantName = "[No Variations]"
Add component (AddParameter): Name = "Tolerance"; Value = ""; VariantName = "[No Variations]"
Add component (AddParameter): Name = "Value"; Value = "1M"; VariantName = "[No Variations]"
Add component (AddParameter): Name = "Voltage"; Value = ""; VariantName = "[No Variations]"
Added Component: Designator=R46(RESISTOR 1005 REFLOW)
Add component (AddParameter): Name = "Manufacturer Part Number 1"; Value = ""; VariantName = "[No Variations]"
Add component (AddParameter): Name = "Power"; Value = ""; VariantName = "[No Variations]"
Add component (AddParameter): Name = "Tolerance"; Value = ""; VariantName = "[No Variations]"
Add component (AddParameter): Name = "Value"; Value = "100k"; VariantName = "[No Variations]"
Add component (AddParameter): Name = "Voltage"; Value = ""; VariantName = "[No Variations]"
Added Component: Designator=R47(RESISTOR 1005 REFLOW)
Add component (AddParameter): Name = "Manufacturer Part Number 1"; Value = ""; VariantName = "[No Variations]"
Add component (AddParameter): Name = "Power"; Value = ""; VariantName = "[No Variations]"
Add component (AddParameter): Name = "Tolerance"; Value = ""; VariantName = "[No Variations]"
Add component (AddParameter): Name = "Value"; Value = "9,1M"; VariantName = "[No Variations]"
Add component (AddParameter): Name = "Voltage"; Value = ""; VariantName = "[No Variations]"
Added Component: Designator=R48(RESISTOR 1005 REFLOW)
Add component (AddParameter): Name = "Manufacturer Part Number 1"; Value = ""; VariantName = "[No Variations]"
Add component (AddParameter): Name = "Power"; Value = ""; VariantName = "[No Variations]"
Add component (AddParameter): Name = "Tolerance"; Value = ""; VariantName = "[No Variations]"
Add component (AddParameter): Name = "Value"; Value = "910k"; VariantName = "[No Variations]"
Add component (AddParameter): Name = "Voltage"; Value = ""; VariantName = "[No Variations]"
Added Component: Designator=R49(RESISTOR 1005 REFLOW)
Add component (AddParameter): Name = "Manufacturer Part Number 1"; Value = ""; VariantName = "[No Variations]"
Add component (AddParameter): Name = "Power"; Value = ""; VariantName = "[No Variations]"
Add component (AddParameter): Name = "Tolerance"; Value = ""; VariantName = "[No Variations]"
Add component (AddParameter): Name = "Value"; Value = "649k"; VariantName = "[No Variations]"
Add component (AddParameter): Name = "Voltage"; Value = ""; VariantName = "[No Variations]"
Added Component: Designator=R50(RESISTOR 1005 REFLOW)
Add component (AddParameter): Name = "Manufacturer Part Number 1"; Value = ""; VariantName = "[No Variations]"
Add component (AddParameter): Name = "Power"; Value = ""; VariantName = "[No Variations]"
Add component (AddParameter): Name = "Tolerance"; Value = ""; VariantName = "[No Variations]"
Add component (AddParameter): Name = "Value"; Value = "41,2k"; VariantName = "[No Variations]"
Add component (AddParameter): Name = "Voltage"; Value = ""; VariantName = "[No Variations]"
Added Component: Designator=R51(RESISTOR 1005 REFLOW)
Add component (AddParameter): Name = "Manufacturer Part Number 1"; Value = ""; VariantName = "[No Variations]"
Add component (AddParameter): Name = "Power"; Value = ""; VariantName = "[No Variations]"
Add component (AddParameter): Name = "Tolerance"; Value = ""; VariantName = "[No Variations]"
Add component (AddParameter): Name = "Value"; Value = "1M"; VariantName = "[No Variations]"
Add component (AddParameter): Name = "Voltage"; Value = ""; VariantName = "[No Variations]"
Added Component: Designator=R52(RESISTOR 1005 REFLOW)
Add component (AddParameter): Name = "Manufacturer Part Number 1"; Value = ""; VariantName = "[No Variations]"
Add component (AddParameter): Name = "Power"; Value = ""; VariantName = "[No Variations]"
Add component (AddParameter): Name = "Tolerance"; Value = ""; VariantName = "[No Variations]"
Add component (AddParameter): Name = "Value"; Value = "100k"; VariantName = "[No Variations]"
Add component (AddParameter): Name = "Voltage"; Value = ""; VariantName = "[No Variations]"
Added Component: Designator=R53(RESISTOR 1005 REFLOW)
Add component (AddParameter): Name = "Manufacturer Part Number 1"; Value = ""; VariantName = "[No Variations]"
Add component (AddParameter): Name = "Power"; Value = ""; VariantName = "[No Variations]"
Add component (AddParameter): Name = "Tolerance"; Value = ""; VariantName = "[No Variations]"
Add component (AddParameter): Name = "Value"; Value = "5,76M"; VariantName = "[No Variations]"
Add component (AddParameter): Name = "Voltage"; Value = ""; VariantName = "[No Variations]"
Added Component: Designator=R54(RESISTOR 1005 REFLOW)
Add component (AddParameter): Name = "Manufacturer Part Number 1"; Value = ""; VariantName = "[No Variations]"
Add component (AddParameter): Name = "Power"; Value = ""; VariantName = "[No Variations]"
Add component (AddParameter): Name = "Tolerance"; Value = ""; VariantName = "[No Variations]"
Add component (AddParameter): Name = "Value"; Value = "680k"; VariantName = "[No Variations]"
Add component (AddParameter): Name = "Voltage"; Value = ""; VariantName = "[No Variations]"
Added Component: Designator=R55(RESISTOR 1005 REFLOW)
Add component (AddParameter): Name = "Manufacturer Part Number 1"; Value = ""; VariantName = "[No Variations]"
Add component (AddParameter): Name = "Power"; Value = ""; VariantName = "[No Variations]"
Add component (AddParameter): Name = "Tolerance"; Value = ""; VariantName = "[No Variations]"
Add component (AddParameter): Name = "Value"; Value = "93,1k"; VariantName = "[No Variations]"
Add component (AddParameter): Name = "Voltage"; Value = ""; VariantName = "[No Variations]"
Added Component: Designator=R56(RESISTOR 1005 REFLOW)
Add component (AddParameter): Name = "Manufacturer Part Number 1"; Value = ""; VariantName = "[No Variations]"
Add component (AddParameter): Name = "Power"; Value = ""; VariantName = "[No Variations]"
Add component (AddParameter): Name = "Tolerance"; Value = ""; VariantName = "[No Variations]"
Add component (AddParameter): Name = "Value"; Value = "82k"; VariantName = "[No Variations]"
Add component (AddParameter): Name = "Voltage"; Value = ""; VariantName = "[No Variations]"
Added Component: Designator=R60(RESISTOR 1005 REFLOW)
Add component (AddParameter): Name = "Manufacturer Part Number 1"; Value = ""; VariantName = "[No Variations]"
Add component (AddParameter): Name = "Power"; Value = ""; VariantName = "[No Variations]"
Add component (AddParameter): Name = "Tolerance"; Value = ""; VariantName = "[No Variations]"
Add component (AddParameter): Name = "Value"; Value = "1M"; VariantName = "[No Variations]"
Add component (AddParameter): Name = "Voltage"; Value = ""; VariantName = "[No Variations]"
Added Component: Designator=R63(RESISTOR 1005 REFLOW)
Add component (AddParameter): Name = "Manufacturer Part Number 1"; Value = ""; VariantName = "[No Variations]"
Add component (AddParameter): Name = "Power"; Value = ""; VariantName = "[No Variations]"
Add component (AddParameter): Name = "Tolerance"; Value = ""; VariantName = "[No Variations]"
Add component (AddParameter): Name = "Value"; Value = "6,8M"; VariantName = "[No Variations]"
Add component (AddParameter): Name = "Voltage"; Value = ""; VariantName = "[No Variations]"
Added Component: Designator=R65(RESISTOR 1005 REFLOW)
Add component (AddParameter): Name = "Manufacturer Part Number 1"; Value = ""; VariantName = "[No Variations]"
Add component (AddParameter): Name = "Power"; Value = ""; VariantName = "[No Variations]"
Add component (AddParameter): Name = "Tolerance"; Value = ""; VariantName = "[No Variations]"
Add component (AddParameter): Name = "Value"; Value = "1M"; VariantName = "[No Variations]"
Add component (AddParameter): Name = "Voltage"; Value = ""; VariantName = "[No Variations]"
Added Component: Designator=R68(RESISTOR 1005 REFLOW)
Add component (AddParameter): Name = "Manufacturer Part Number 1"; Value = ""; VariantName = "[No Variations]"
Add component (AddParameter): Name = "Power"; Value = ""; VariantName = "[No Variations]"
Add component (AddParameter): Name = "Tolerance"; Value = ""; VariantName = "[No Variations]"
Add component (AddParameter): Name = "Value"; Value = "681k"; VariantName = "[No Variations]"
Add component (AddParameter): Name = "Voltage"; Value = ""; VariantName = "[No Variations]"
Added Component: Designator=R69(RESISTOR 1005 REFLOW)
Add component (AddParameter): Name = "Manufacturer Part Number 1"; Value = ""; VariantName = "[No Variations]"
Add component (AddParameter): Name = "Power"; Value = ""; VariantName = "[No Variations]"
Add component (AddParameter): Name = "Tolerance"; Value = ""; VariantName = "[No Variations]"
Add component (AddParameter): Name = "Value"; Value = "1M"; VariantName = "[No Variations]"
Add component (AddParameter): Name = "Voltage"; Value = ""; VariantName = "[No Variations]"
Added Component: Designator=R70(RESISTOR 1005 REFLOW)
Add component (AddParameter): Name = "Manufacturer Part Number 1"; Value = ""; VariantName = "[No Variations]"
Add component (AddParameter): Name = "Power"; Value = ""; VariantName = "[No Variations]"
Add component (AddParameter): Name = "Tolerance"; Value = ""; VariantName = "[No Variations]"
Add component (AddParameter): Name = "Value"; Value = "2,21M"; VariantName = "[No Variations]"
Add component (AddParameter): Name = "Voltage"; Value = ""; VariantName = "[No Variations]"
Added Component: Designator=R71(RESISTOR 1005 REFLOW)
Add component (AddParameter): Name = "Manufacturer Part Number 1"; Value = ""; VariantName = "[No Variations]"
Add component (AddParameter): Name = "Power"; Value = ""; VariantName = "[No Variations]"
Add component (AddParameter): Name = "Tolerance"; Value = ""; VariantName = "[No Variations]"
Add component (AddParameter): Name = "Value"; Value = "51,1k"; VariantName = "[No Variations]"
Add component (AddParameter): Name = "Voltage"; Value = ""; VariantName = "[No Variations]"
Added Component: Designator=R73(RESISTOR 1005 REFLOW)
Add component (AddParameter): Name = "Manufacturer Part Number 1"; Value = ""; VariantName = "[No Variations]"
Add component (AddParameter): Name = "Power"; Value = ""; VariantName = "[No Variations]"
Add component (AddParameter): Name = "Tolerance"; Value = ""; VariantName = "[No Variations]"
Add component (AddParameter): Name = "Value"; Value = "681k"; VariantName = "[No Variations]"
Add component (AddParameter): Name = "Voltage"; Value = ""; VariantName = "[No Variations]"
Added Component: Designator=R74(RESISTOR 1005 REFLOW)
Add component (AddParameter): Name = "Manufacturer Part Number 1"; Value = ""; VariantName = "[No Variations]"
Add component (AddParameter): Name = "Power"; Value = ""; VariantName = "[No Variations]"
Add component (AddParameter): Name = "Tolerance"; Value = ""; VariantName = "[No Variations]"
Add component (AddParameter): Name = "Value"; Value = "681k"; VariantName = "[No Variations]"
Add component (AddParameter): Name = "Voltage"; Value = ""; VariantName = "[No Variations]"
Added Component: Designator=U13(SO8 P1.27 C4.0X5.0 H1.75)
Add component (AddParameter): Name = "Manufacturer Part Number 1"; Value = ""; VariantName = "[No Variations]"
Add component (AddParameter): Name = "Value"; Value = ""; VariantName = "[No Variations]"
Added Component: Designator=U14(SO8 P1.27 C4.0X5.0 H1.75)
Add component (AddParameter): Name = "Manufacturer Part Number 1"; Value = ""; VariantName = "[No Variations]"
Add component (AddParameter): Name = "Value"; Value = ""; VariantName = "[No Variations]"
Added Pin To Net: NetName=GND Pin=R49-1
Added Pin To Net: NetName=GND Pin=R50-1
Added Pin To Net: NetName=GND Pin=R53-1
Added Pin To Net: NetName=GND Pin=R55-1
Added Pin To Net: NetName=GND Pin=R65-1
Added Pin To Net: NetName=GND Pin=R69-1
Added Pin To Net: NetName=GND Pin=R73-1
Added Pin To Net: NetName=NetR1_2 Pin=U1-1
Added Pin To Net: NetName=NetR1_1 Pin=U1-2
Added Pin To Net: NetName=In_LDO Pin=U1-3
Added Pin To Net: NetName=NetR45_1 Pin=R45-1
Added Pin To Net: NetName=NetR45_1 Pin=R47-2
Added Pin To Net: NetName=NetR45_1 Pin=R49-2
Added Pin To Net: NetName=NetR45_1 Pin=U13-6
Added Net: Name=NetR45_1
Added Pin To Net: NetName=NetR46_1 Pin=R46-1
Added Pin To Net: NetName=NetR46_1 Pin=R48-2
Added Pin To Net: NetName=NetR46_1 Pin=R50-2
Added Pin To Net: NetName=NetR46_1 Pin=U13-2
Added Net: Name=NetR46_1
Added Pin To Net: NetName=NetR51_1 Pin=R51-1
Added Pin To Net: NetName=NetR51_1 Pin=R53-2
Added Pin To Net: NetName=NetR51_1 Pin=R54-2
Added Pin To Net: NetName=NetR51_1 Pin=U13-5
Added Net: Name=NetR51_1
Added Pin To Net: NetName=NetR52_1 Pin=R52-1
Added Pin To Net: NetName=NetR52_1 Pin=R55-2
Added Pin To Net: NetName=NetR52_1 Pin=R56-2
Added Pin To Net: NetName=NetR52_1 Pin=U13-3
Added Net: Name=NetR52_1
Added Pin To Net: NetName=NetR60_1 Pin=R60-1
Added Pin To Net: NetName=NetR60_1 Pin=R63-2
Added Pin To Net: NetName=NetR60_1 Pin=R65-2
Added Pin To Net: NetName=NetR60_1 Pin=U14-2
Added Net: Name=NetR60_1
Added Pin To Net: NetName=NetR68_2 Pin=R68-2
Added Pin To Net: NetName=NetR68_2 Pin=R71-1
Added Pin To Net: NetName=NetR68_2 Pin=U14-6
Added Net: Name=NetR68_2
Added Pin To Net: NetName=NetR69_2 Pin=R69-2
Added Pin To Net: NetName=NetR69_2 Pin=R70-2
Added Pin To Net: NetName=NetR69_2 Pin=U14-3
Added Net: Name=NetR69_2
Added Pin To Net: NetName=NetR73_2 Pin=R73-2
Added Pin To Net: NetName=NetR73_2 Pin=R74-2
Added Pin To Net: NetName=NetR73_2 Pin=U14-5
Added Net: Name=NetR73_2
Added Pin To Net: NetName=Vb1 Pin=R71-2
Added Net: Name=Vb1
Added Pin To Net: NetName=Vb2 Pin=R51-2
Added Pin To Net: NetName=Vb2 Pin=R60-2
Added Net: Name=Vb2
Added Pin To Net: NetName=Vb3 Pin=R45-2
Added Pin To Net: NetName=Vb3 Pin=R52-2
Added Net: Name=Vb3
Added Pin To Net: NetName=Vb4 Pin=R46-2
Added Net: Name=Vb4
Added Pin To Net: NetName=Vout1 Pin=R48-1
Added Pin To Net: NetName=Vout1 Pin=U13-1
Added Net: Name=Vout1
Added Pin To Net: NetName=Vout2 Pin=R47-1
Added Pin To Net: NetName=Vout2 Pin=U13-7
Added Net: Name=Vout2
Added Pin To Net: NetName=Vout3 Pin=R63-1
Added Pin To Net: NetName=Vout3 Pin=U14-1
Added Net: Name=Vout3
Added Pin To Net: NetName=Vout4 Pin=R68-1
Added Pin To Net: NetName=Vout4 Pin=U14-7
Added Net: Name=Vout4
Added Pin To Net: NetName=Vref Pin=R54-1
Added Pin To Net: NetName=Vref Pin=R56-1
Added Pin To Net: NetName=Vref Pin=R70-1
Added Pin To Net: NetName=Vref Pin=R74-1
Added Net: Name=Vref
Added Class: Name=Batterie
Added Member To Class: ClassName=FAST Member=Component U1 *
Added Room: Name=FAST
