Removed Pin From Net: NetName=GND Pin=R?-1
Removed Pin From Net: NetName=GND Pin=R?-1
Removed Pin From Net: NetName=GND Pin=R?-1
Removed Pin From Net: NetName=GND Pin=R?-1
Removed Pin From Net: NetName=GND Pin=R?-1
Removed Pin From Net: NetName=GND Pin=R?-1
Removed Pin From Net: NetName=NetR5_2 Pin=U1-5
Removed Pin From Net: NetName=NetR2_1 Pin=U1-6
Removed Pin From Net: NetName=Imeas Pin=U1-7
Removed Pin From Net: NetName=NetR9_2 Pin=U3-1
Removed Pin From Net: NetName=NetR9_1 Pin=U3-2
Removed Pin From Net: NetName=Imeas Pin=U3-3
Removed Pin From Net: NetName=NetR9_2 Pin=U3-5
Removed Pin From Net: NetName=NetR7_1 Pin=U3-6
Removed Pin From Net: NetName=CH2 Pin=U3-7
Removed Pin From Net: NetName=NetR14_1 Pin=U4-1
Removed Pin From Net: NetName=NetR14_2 Pin=U4-2
Removed Pin From Net: NetName=GND Pin=U4-3
Removed Pin From Net: NetName=NetR22_1 Pin=U4-5
Removed Pin From Net: NetName=NetR15_2 Pin=U4-6
Removed Pin From Net: NetName=NetR15_1 Pin=U4-7
Removed Pin From Net: NetName=NetR16_1 Pin=U5-1
Removed Pin From Net: NetName=NetR16_2 Pin=U5-2
Removed Pin From Net: NetName=NetR15_1 Pin=U5-3
Removed Pin From Net: NetName=NetD1_1 Pin=U11-1
Removed Pin From Net: NetName=NetD1_2 Pin=U11-2
Removed Pin From Net: NetName=NetC23_1 Pin=U11-5
Removed Pin From Net: NetName=CH4 Pin=U11-6
Removed Pin From Net: NetName=CH4 Pin=U11-7
Removed Pin From Net: NetName=DUT Pin=U12-5
Removed Pin From Net: NetName=NetR28_1 Pin=U12-6
Removed Pin From Net: NetName=NetR28_2 Pin=U12-7
Removed Pin From Net: NetName=NetD3_2 Pin=U13-1
Removed Pin From Net: NetName=NetD3_1 Pin=U13-2
Removed Pin From Net: NetName=NetC26_1 Pin=U13-5
Removed Pin From Net: NetName=CH6 Pin=U13-6
Removed Pin From Net: NetName=CH6 Pin=U13-7
Removed Pin From Net: NetName=CH7 Pin=U14-6
Removed Pin From Net: NetName=CH7 Pin=U14-7
Removed Pin From Net: NetName=NetR38_1 Pin=U15-1
Removed Pin From Net: NetName=NetR38_1 Pin=U15-2
Removed Pin From Net: NetName=Vbat Pin=U15-3
Removed Pin From Net: NetName=NetR38_2 Pin=U15-5
Removed Pin From Net: NetName=Umeas Pin=U15-6
Removed Pin From Net: NetName=Umeas Pin=U15-7
Removed Member From Class: ClassName=SLOW Member=C34
Removed Member From Class: ClassName=PROC Member=C50
Removed Member From Class: ClassName=SLOW Member=U13
Removed Member From Class: ClassName=PROC Member=U?
Change Component Designator: OldDesignator=C1 NewDesignator=C2
Change Component Designator: OldDesignator=C2 NewDesignator=C4
Change Component Designator: OldDesignator=C3 NewDesignator=C1
Change Component Designator: OldDesignator=C4 NewDesignator=C3
Change Component Designator: OldDesignator=C6 NewDesignator=C8
Change Component Designator: OldDesignator=C7 NewDesignator=C6
Change Component Designator: OldDesignator=C8 NewDesignator=C9
Change Component Designator: OldDesignator=C9 NewDesignator=C7
Change Component Designator: OldDesignator=C11 NewDesignator=C15
Change Component Designator: OldDesignator=C12 NewDesignator=C16
Change Component Designator: OldDesignator=C13 NewDesignator=C17
Change Component Designator: OldDesignator=C14 NewDesignator=C18
Change Component Designator: OldDesignator=C15 NewDesignator=C19
Change Component Designator: OldDesignator=C16 NewDesignator=C20
Change Component Designator: OldDesignator=C17 NewDesignator=C21
Change Component Designator: OldDesignator=C18 NewDesignator=C22
Change Component Designator: OldDesignator=C19 NewDesignator=C23
Change Component Designator: OldDesignator=C20 NewDesignator=C24
Change Component Designator: OldDesignator=C21 NewDesignator=C25
Change Component Designator: OldDesignator=C22 NewDesignator=C26
Change Component Designator: OldDesignator=C23 NewDesignator=C27
Change Component Designator: OldDesignator=C24 NewDesignator=C28
Change Component Designator: OldDesignator=C25 NewDesignator=C29
Change Component Designator: OldDesignator=C26 NewDesignator=C30
Change Component Designator: OldDesignator=C27 NewDesignator=C31
Change Component Designator: OldDesignator=C28 NewDesignator=C39
Change Component Designator: OldDesignator=C29 NewDesignator=C42
Change Component Designator: OldDesignator=C30 NewDesignator=C34
Change Component Designator: OldDesignator=C31 NewDesignator=C33
Change Component Designator: OldDesignator=C32 NewDesignator=C38
Change Component Designator: OldDesignator=C33 NewDesignator=C37
Change Component Designator: OldDesignator=C34 NewDesignator=C32
Change Component Designator: OldDesignator=C37 NewDesignator=C41
Change Component Designator: OldDesignator=C38 NewDesignator=C40
Change Component Designator: OldDesignator=C39 NewDesignator=C35
Change Component Designator: OldDesignator=C50 NewDesignator=C14
Change Component Designator: OldDesignator=C51 NewDesignator=C11
Change Component Designator: OldDesignator=C52 NewDesignator=C13
Change Component Designator: OldDesignator=C53 NewDesignator=C12
Change Component Designator: OldDesignator=U1 NewDesignator=U2
Change Component Designator: OldDesignator=U2 NewDesignator=U1
Change Component Designator: OldDesignator=U3 NewDesignator=U4
Change Component Designator: OldDesignator=U4 NewDesignator=U5
Change Component Designator: OldDesignator=U5 NewDesignator=U3
Change Component Designator: OldDesignator=U11 NewDesignator=U12
Change Component Designator: OldDesignator=U12 NewDesignator=U9
Change Component Designator: OldDesignator=U13 NewDesignator=U11
Change Component Designator: OldDesignator=U14 NewDesignator=U10
Change Component Designator: OldDesignator=U15 NewDesignator=U8
Change Component Designator: OldDesignator=U? NewDesignator=U7
Added Pin To Net: NetName=NetR5_2 Pin=U1-5
Added Pin To Net: NetName=NetR2_1 Pin=U1-6
Added Pin To Net: NetName=Imeas Pin=U1-7
Added Pin To Net: NetName=NetR9_2 Pin=U2-5
Added Pin To Net: NetName=NetR7_1 Pin=U2-6
Added Pin To Net: NetName=CH2 Pin=U2-7
Added Pin To Net: NetName=NetR9_2 Pin=U3-1
Added Pin To Net: NetName=NetR9_1 Pin=U3-2
Added Pin To Net: NetName=Imeas Pin=U3-3
Added Pin To Net: NetName=NetR14_1 Pin=U4-1
Added Pin To Net: NetName=NetR14_2 Pin=U4-2
Added Pin To Net: NetName=GND Pin=U4-3
Added Pin To Net: NetName=NetR22_1 Pin=U4-5
Added Pin To Net: NetName=NetR15_2 Pin=U4-6
Added Pin To Net: NetName=NetR15_1 Pin=U4-7
Added Pin To Net: NetName=NetR16_1 Pin=U5-1
Added Pin To Net: NetName=NetR16_2 Pin=U5-2
Added Pin To Net: NetName=NetR15_1 Pin=U5-3
Added Pin To Net: NetName=NetC23_1 Pin=U5-5
Added Pin To Net: NetName=CH4 Pin=U5-6
Added Pin To Net: NetName=CH4 Pin=U5-7
Add Pin To Net: Unknown Pin: Pin U6-9
Added Pin To Net: NetName=NetD1_1 Pin=U8-1
Added Pin To Net: NetName=NetD1_2 Pin=U8-2
Added Pin To Net: NetName=DUT Pin=U8-5
Added Pin To Net: NetName=NetR28_1 Pin=U8-6
Added Pin To Net: NetName=NetR28_2 Pin=U8-7
Added Pin To Net: NetName=NetR38_2 Pin=U9-5
Added Pin To Net: NetName=Umeas Pin=U9-6
Added Pin To Net: NetName=Umeas Pin=U9-7
Added Pin To Net: NetName=NetC26_1 Pin=U10-5
Added Pin To Net: NetName=CH6 Pin=U10-6
Added Pin To Net: NetName=CH6 Pin=U10-7
Added Pin To Net: NetName=NetR38_1 Pin=U11-1
Added Pin To Net: NetName=NetR38_1 Pin=U11-2
Added Pin To Net: NetName=Vbat Pin=U11-3
Added Pin To Net: NetName=CH7 Pin=U11-6
Added Pin To Net: NetName=CH7 Pin=U11-7
Added Pin To Net: NetName=NetD3_2 Pin=U12-1
Added Pin To Net: NetName=NetD3_1 Pin=U12-2
Change Net Name : Old Net Name=NetC11_2 New Net Name=NetC15_2
Change Net Name : Old Net Name=NetC12_2 New Net Name=NetC16_2
Change Net Name : Old Net Name=NetC19_1 New Net Name=NetC23_1
Change Net Name : Old Net Name=NetC22_1 New Net Name=NetC26_1
Change Net Name : Old Net Name=NetC23_1 New Net Name=NetC27_1
Change Net Name : Old Net Name=NetC25_1 New Net Name=NetC29_1
Change Net Name : Old Net Name=NetC26_1 New Net Name=NetC30_1
Change Net Name : Old Net Name=NetC50_2 New Net Name=NetC14_2
Change Net Name : Old Net Name=NetC52_1 New Net Name=NetC13_1
Change Net Name : Old Net Name=NetC53_1 New Net Name=NetC12_1
Added Pin To Net: NetName=NetC28_1 Pin=C28-1
Added Pin To Net: NetName=NetC28_1 Pin=R33-1
Added Pin To Net: NetName=NetC28_1 Pin=U8-3
Added Net: Name=NetC28_1
Added Pin To Net: NetName=NetC31_1 Pin=C31-1
Added Pin To Net: NetName=NetC31_1 Pin=R43-1
Added Pin To Net: NetName=NetC31_1 Pin=U12-3
Added Net: Name=NetC31_1
Added Pin To Net: NetName=NetC34_1 Pin=C34-1
Added Pin To Net: NetName=NetC34_1 Pin=R44-1
Added Pin To Net: NetName=NetC34_1 Pin=U11-5
Added Net: Name=NetC34_1
Added Member To Class: ClassName=PROC Member=Component C26 100n
Added Member To Class: ClassName=SLOW Member=Component C40 1u
Added Member To Class: ClassName=PROC Member=Component U7 STM32U595RJT6
Added Member To Class: ClassName=SLOW Member=Component U12 *
Added Room: Name=FAST
