Change Component Designator: Old Designator=C26 New Designator=C32
Change Component Designator: Old Designator=C27 New Designator=C37
Change Component Designator: Old Designator=C28 New Designator=C26
Change Component Designator: Old Designator=C29 New Designator=C31
Change Component Designator: Old Designator=C30 New Designator=C27
Change Component Designator: Old Designator=C31 New Designator=C33
Change Component Designator: Old Designator=C32 New Designator=C34
Change Component Designator: Old Designator=C33 New Designator=C35
Change Component Designator: Old Designator=C34 New Designator=C30
Change Component Designator: Old Designator=C35 New Designator=C36
Change Component Designator: Old Designator=C36 New Designator=C38
Change Component Designator: Old Designator=C37 New Designator=C39
Change Component Designator: Old Designator=C38 New Designator=C40
Change Component Designator: Old Designator=C39 New Designator=C28
Change Component Designator: Old Designator=C40 New Designator=C29
Change Component Designator: Old Designator=Q? New Designator=Q1
Change Component Designator: Old Designator=Q? New Designator=Q2
Change Component Designator: Old Designator=R35 New Designator=R36
Change Component Designator: Old Designator=R36 New Designator=R37
Change Component Designator: Old Designator=R37 New Designator=R38
Change Component Designator: Old Designator=R38 New Designator=R39
Change Component Designator: Old Designator=R39 New Designator=R40
Change Component Designator: Old Designator=R40 New Designator=R42
Change Component Designator: Old Designator=R41 New Designator=R43
Change Component Designator: Old Designator=R42 New Designator=R44
Change Component Designator: Old Designator=R? New Designator=R35
Change Component Designator: Old Designator=R? New Designator=R41
Change Component Designator: Old Designator=U2 New Designator=U11
Change Component Designator: Old Designator=U3 New Designator=U12
Change Component Designator: Old Designator=U3 New Designator=U11
Change Component Designator: Old Designator=U4 New Designator=U13
Change Component Designator: Old Designator=U4 New Designator=U13
Change Component Designator: Old Designator=U6 New Designator=U14
Change Component Designator: Old Designator=U7 New Designator=U15
Change Component Designator: Old Designator=U8 New Designator=U16
Change Component Designator: Old Designator=U9 New Designator=U12
